<?xml version="1.0" encoding="UTF-8"?>
<testng-results ignored="0" total="1" passed="1" failed="0" skipped="0">
  <reporter-output>
  </reporter-output>
  <suite started-at="2020-12-14T03:19:27 EET" name="Default suite" finished-at="2020-12-14T03:19:59 EET" duration-ms="31235">
    <groups>
    </groups>
    <test started-at="2020-12-14T03:19:27 EET" name="Default test" finished-at="2020-12-14T03:19:59 EET" duration-ms="31235">
      <class name="tests.User_Choose_Language">
        <test-method is-config="true" signature="StartDriver(java.lang.String)[pri:0, instance:tests.User_Choose_Language@65f095f8]" started-at="2020-12-14T03:19:19 EET" name="StartDriver" finished-at="2020-12-14T03:19:27 EET" duration-ms="8298" status="PASS">
          <params>
            <param index="0">
              <value>
                <![CDATA[chrome]]>
              </value>
            </param>
          </params>
          <reporter-output>
          </reporter-output>
        </test-method> <!-- StartDriver -->
        <test-method is-config="true" signature="setDriver(org.testng.ITestContext)[pri:0, instance:tests.User_Choose_Language@65f095f8]" started-at="2020-12-14T03:19:27 EET" name="setDriver" finished-at="2020-12-14T03:19:27 EET" duration-ms="1" status="PASS">
          <params>
            <param index="0">
              <value>
                <![CDATA[org.testng.TestRunner@6ae7deac]]>
              </value>
            </param>
          </params>
          <reporter-output>
          </reporter-output>
        </test-method> <!-- setDriver -->
        <test-method signature="ChooseLanguage(java.lang.String)[pri:1, instance:tests.User_Choose_Language@65f095f8]" started-at="2020-12-14T03:19:28 EET" name="ChooseLanguage" data-provider="ExcelData" finished-at="2020-12-14T03:19:58 EET" duration-ms="29846" status="PASS">
          <params>
            <param index="0">
              <value>
                <![CDATA[addition]]>
              </value>
            </param>
          </params>
          <reporter-output>
          </reporter-output>
        </test-method> <!-- ChooseLanguage -->
        <test-method is-config="true" signature="EndTest()[pri:0, instance:tests.User_Choose_Language@65f095f8]" started-at="2020-12-14T03:19:58 EET" name="EndTest" finished-at="2020-12-14T03:19:59 EET" duration-ms="721" status="PASS">
          <reporter-output>
          </reporter-output>
        </test-method> <!-- EndTest -->
      </class> <!-- tests.User_Choose_Language -->
    </test> <!-- Default test -->
  </suite> <!-- Default suite -->
</testng-results>
